[debug] [2021-08-03T13:42:19.594Z] ----------------------------------------------------------------------
[debug] [2021-08-03T13:42:19.596Z] Command:       C:\Program Files\nodejs\node.exe C:\Users\jaish\AppData\Roaming\npm\node_modules\firebase-tools\lib\bin\firebase.js init
[debug] [2021-08-03T13:42:19.596Z] CLI Version:   9.16.0
[debug] [2021-08-03T13:42:19.596Z] Platform:      win32
[debug] [2021-08-03T13:42:19.596Z] Node Version:  v15.6.0
[debug] [2021-08-03T13:42:19.597Z] Time:          Tue Aug 03 2021 19:12:19 GMT+0530 (India Standard Time)
[debug] [2021-08-03T13:42:19.597Z] ----------------------------------------------------------------------
[debug] 
[debug] [2021-08-03T13:42:19.599Z] >>> [apiv2][query] GET https://firebase-public.firebaseio.com/cli.json [none]
[debug] [2021-08-03T13:42:19.632Z] > command requires scopes: ["email","openid","https://www.googleapis.com/auth/cloudplatformprojects.readonly","https://www.googleapis.com/auth/firebase","https://www.googleapis.com/auth/cloud-platform"]
[debug] [2021-08-03T13:42:19.632Z] > authorizing via signed-in user (james.bluedevil@gmail.com)
[info] 
     ######## #### ########  ######## ########     ###     ######  ########
     ##        ##  ##     ## ##       ##     ##  ##   ##  ##       ##
     ######    ##  ########  ######   ########  #########  ######  ######
     ##        ##  ##    ##  ##       ##     ## ##     ##       ## ##
     ##       #### ##     ## ######## ########  ##     ##  ######  ########

You're about to initialize a Firebase project in this directory:

  F:\Projects\ReactJs\instagram-clone

[debug] [2021-08-03T13:42:20.529Z] <<< [apiv2][status] GET https://firebase-public.firebaseio.com/cli.json 200
[debug] [2021-08-03T13:42:20.529Z] <<< [apiv2][body] GET https://firebase-public.firebaseio.com/cli.json {"cloudBuildErrorAfter":1594252800000,"cloudBuildWarnAfter":1590019200000,"defaultNode10After":1594252800000,"minVersion":"3.0.5","node8DeploysDisabledAfter":1613390400000,"node8RuntimeDisabledAfter":1615809600000,"node8WarnAfter":1600128000000}
